   Compiling green-kernels v0.2.2-dev (/home/kailasa/green-kernels)
error[E0432]: unresolved import `rlst::prelude`
   --> src/laplace_3d.rs:968:15
    |
968 |     use rlst::prelude::*;
    |               ^^^^^^^ could not find `prelude` in `rlst`

error[E0432]: unresolved imports `rlst::rlst_dynamic_array1`, `rlst::rlst_dynamic_array2`
   --> src/laplace_3d.rs:970:16
    |
970 |     use rlst::{rlst_dynamic_array1, rlst_dynamic_array2};
    |                ^^^^^^^^^^^^^^^^^^^  ^^^^^^^^^^^^^^^^^^^ no `rlst_dynamic_array2` in the root
    |                |
    |                no `rlst_dynamic_array1` in the root
    |
help: a similar name exists in the module
    |
970 -     use rlst::{rlst_dynamic_array1, rlst_dynamic_array2};
970 +     use rlst::{rlst_dynamic_array, rlst_dynamic_array2};
    |
help: a similar name exists in the module
    |
970 -     use rlst::{rlst_dynamic_array1, rlst_dynamic_array2};
970 +     use rlst::{rlst_dynamic_array1, rlst_dynamic_array};
    |

error[E0432]: unresolved import `rlst::prelude`
    --> src/modified_helmholtz_3d.rs:1104:15
     |
1104 |     use rlst::prelude::*;
     |               ^^^^^^^ could not find `prelude` in `rlst`

error[E0432]: unresolved import `rlst::rlst_dynamic_array1`
    --> src/modified_helmholtz_3d.rs:1106:9
     |
1106 |     use rlst::rlst_dynamic_array1;
     |         ^^^^^^-------------------
     |         |     |
     |         |     help: a similar name exists in the module: `rlst_dynamic_array`
     |         no `rlst_dynamic_array1` in the root

error[E0433]: failed to resolve: could not find `rlst_dynamic_array2` in `rlst`
    --> src/helmholtz_3d.rs:1482:32
     |
1482 |         let mut actual = rlst::rlst_dynamic_array2!(c32, [4, ntargets]);
     |                                ^^^^^^^^^^^^^^^^^^^ could not find `rlst_dynamic_array2` in `rlst`

error[E0433]: failed to resolve: could not find `rlst_dynamic_array2` in `rlst`
    --> src/helmholtz_3d.rs:1592:32
     |
1592 |         let mut actual = rlst::rlst_dynamic_array2!(c64, [4, ntargets]);
     |                                ^^^^^^^^^^^^^^^^^^^ could not find `rlst_dynamic_array2` in `rlst`

error[E0433]: failed to resolve: could not find `rlst_dynamic_array2` in `rlst`
    --> src/laplace_3d.rs:1231:32
     |
1231 |         let mut actual = rlst::rlst_dynamic_array2!(f32, [4, ntargets]);
     |                                ^^^^^^^^^^^^^^^^^^^ could not find `rlst_dynamic_array2` in `rlst`

error[E0433]: failed to resolve: could not find `rlst_dynamic_array2` in `rlst`
    --> src/laplace_3d.rs:1339:32
     |
1339 |         let mut actual = rlst::rlst_dynamic_array2!(f64, [4, ntargets]);
     |                                ^^^^^^^^^^^^^^^^^^^ could not find `rlst_dynamic_array2` in `rlst`

error: cannot find macro `rlst_dynamic_array2` in this scope
    --> src/helmholtz_3d.rs:1911:27
     |
1911 |         let mut sources = rlst_dynamic_array2!(f64, [nsources, 3]);
     |                           ^^^^^^^^^^^^^^^^^^^ help: a macro with a similar name exists: `rlst_dynamic_array`
     |
    ::: /home/kailasa/.cargo/git/checkouts/rlst-b28b4cb12e0eef38/e6b3e95/rlst/proc-macro/src/lib.rs:12:1
     |
  12 | pub fn rlst_dynamic_array(items: TokenStream) -> TokenStream {
     | ------------------------------------------------------------ similarly named macro `rlst_dynamic_array` defined here

error: cannot find macro `rlst_dynamic_array2` in this scope
    --> src/helmholtz_3d.rs:1912:27
     |
1912 |         let mut targets = rlst_dynamic_array2!(f64, [ntargets, 3]);
     |                           ^^^^^^^^^^^^^^^^^^^ help: a macro with a similar name exists: `rlst_dynamic_array`
     |
    ::: /home/kailasa/.cargo/git/checkouts/rlst-b28b4cb12e0eef38/e6b3e95/rlst/proc-macro/src/lib.rs:12:1
     |
  12 | pub fn rlst_dynamic_array(items: TokenStream) -> TokenStream {
     | ------------------------------------------------------------ similarly named macro `rlst_dynamic_array` defined here

error: cannot find macro `rlst_dynamic_array1` in this scope
    --> src/helmholtz_3d.rs:1917:36
     |
1917 |         let mut green_value_diag = rlst_dynamic_array1!(c64, [ntargets]);
     |                                    ^^^^^^^^^^^^^^^^^^^ help: a macro with a similar name exists: `rlst_dynamic_array`
     |
    ::: /home/kailasa/.cargo/git/checkouts/rlst-b28b4cb12e0eef38/e6b3e95/rlst/proc-macro/src/lib.rs:12:1
     |
  12 | pub fn rlst_dynamic_array(items: TokenStream) -> TokenStream {
     | ------------------------------------------------------------ similarly named macro `rlst_dynamic_array` defined here

error: cannot find macro `rlst_dynamic_array2` in this scope
    --> src/helmholtz_3d.rs:1918:42
     |
1918 |         let mut green_value_diag_deriv = rlst_dynamic_array2!(c64, [4, ntargets]);
     |                                          ^^^^^^^^^^^^^^^^^^^ help: a macro with a similar name exists: `rlst_dynamic_array`
     |
    ::: /home/kailasa/.cargo/git/checkouts/rlst-b28b4cb12e0eef38/e6b3e95/rlst/proc-macro/src/lib.rs:12:1
     |
  12 | pub fn rlst_dynamic_array(items: TokenStream) -> TokenStream {
     | ------------------------------------------------------------ similarly named macro `rlst_dynamic_array` defined here

error: cannot find macro `rlst_dynamic_array2` in this scope
    --> src/helmholtz_3d.rs:1933:31
     |
1933 |         let mut green_value = rlst_dynamic_array2!(c64, [nsources, ntargets]);
     |                               ^^^^^^^^^^^^^^^^^^^ help: a macro with a similar name exists: `rlst_dynamic_array`
     |
    ::: /home/kailasa/.cargo/git/checkouts/rlst-b28b4cb12e0eef38/e6b3e95/rlst/proc-macro/src/lib.rs:12:1
     |
  12 | pub fn rlst_dynamic_array(items: TokenStream) -> TokenStream {
     | ------------------------------------------------------------ similarly named macro `rlst_dynamic_array` defined here

error: cannot find macro `rlst_dynamic_array2` in this scope
    --> src/helmholtz_3d.rs:1945:37
     |
1945 |         let mut green_value_deriv = rlst_dynamic_array2!(c64, [4 * nsources, ntargets]);
     |                                     ^^^^^^^^^^^^^^^^^^^ help: a macro with a similar name exists: `rlst_dynamic_array`
     |
    ::: /home/kailasa/.cargo/git/checkouts/rlst-b28b4cb12e0eef38/e6b3e95/rlst/proc-macro/src/lib.rs:12:1
     |
  12 | pub fn rlst_dynamic_array(items: TokenStream) -> TokenStream {
     | ------------------------------------------------------------ similarly named macro `rlst_dynamic_array` defined here

error: cannot find macro `rlst_dynamic_array2` in this scope
    --> src/helmholtz_3d.rs:1863:37
     |
1863 |         let mut green_value_deriv = rlst_dynamic_array2!(c32, [4 * nsources, ntargets]);
     |                                     ^^^^^^^^^^^^^^^^^^^ help: a macro with a similar name exists: `rlst_dynamic_array`
     |
    ::: /home/kailasa/.cargo/git/checkouts/rlst-b28b4cb12e0eef38/e6b3e95/rlst/proc-macro/src/lib.rs:12:1
     |
  12 | pub fn rlst_dynamic_array(items: TokenStream) -> TokenStream {
     | ------------------------------------------------------------ similarly named macro `rlst_dynamic_array` defined here

error: cannot find macro `rlst_dynamic_array2` in this scope
    --> src/helmholtz_3d.rs:1851:31
     |
1851 |         let mut green_value = rlst_dynamic_array2!(c32, [nsources, ntargets]);
     |                               ^^^^^^^^^^^^^^^^^^^ help: a macro with a similar name exists: `rlst_dynamic_array`
     |
    ::: /home/kailasa/.cargo/git/checkouts/rlst-b28b4cb12e0eef38/e6b3e95/rlst/proc-macro/src/lib.rs:12:1
     |
  12 | pub fn rlst_dynamic_array(items: TokenStream) -> TokenStream {
     | ------------------------------------------------------------ similarly named macro `rlst_dynamic_array` defined here

error: cannot find macro `rlst_dynamic_array2` in this scope
    --> src/helmholtz_3d.rs:1836:42
     |
1836 |         let mut green_value_diag_deriv = rlst_dynamic_array2!(c32, [4, ntargets]);
     |                                          ^^^^^^^^^^^^^^^^^^^ help: a macro with a similar name exists: `rlst_dynamic_array`
     |
    ::: /home/kailasa/.cargo/git/checkouts/rlst-b28b4cb12e0eef38/e6b3e95/rlst/proc-macro/src/lib.rs:12:1
     |
  12 | pub fn rlst_dynamic_array(items: TokenStream) -> TokenStream {
     | ------------------------------------------------------------ similarly named macro `rlst_dynamic_array` defined here

error: cannot find macro `rlst_dynamic_array1` in this scope
    --> src/helmholtz_3d.rs:1835:36
     |
1835 |         let mut green_value_diag = rlst_dynamic_array1!(c32, [ntargets]);
     |                                    ^^^^^^^^^^^^^^^^^^^ help: a macro with a similar name exists: `rlst_dynamic_array`
     |
    ::: /home/kailasa/.cargo/git/checkouts/rlst-b28b4cb12e0eef38/e6b3e95/rlst/proc-macro/src/lib.rs:12:1
     |
  12 | pub fn rlst_dynamic_array(items: TokenStream) -> TokenStream {
     | ------------------------------------------------------------ similarly named macro `rlst_dynamic_array` defined here

error: cannot find macro `rlst_dynamic_array2` in this scope
    --> src/helmholtz_3d.rs:1830:27
     |
1830 |         let mut targets = rlst_dynamic_array2!(f32, [ntargets, 3]);
     |                           ^^^^^^^^^^^^^^^^^^^ help: a macro with a similar name exists: `rlst_dynamic_array`
     |
    ::: /home/kailasa/.cargo/git/checkouts/rlst-b28b4cb12e0eef38/e6b3e95/rlst/proc-macro/src/lib.rs:12:1
     |
  12 | pub fn rlst_dynamic_array(items: TokenStream) -> TokenStream {
     | ------------------------------------------------------------ similarly named macro `rlst_dynamic_array` defined here

error: cannot find macro `rlst_dynamic_array2` in this scope
    --> src/helmholtz_3d.rs:1829:27
     |
1829 |         let mut sources = rlst_dynamic_array2!(f32, [nsources, 3]);
     |                           ^^^^^^^^^^^^^^^^^^^ help: a macro with a similar name exists: `rlst_dynamic_array`
     |
    ::: /home/kailasa/.cargo/git/checkouts/rlst-b28b4cb12e0eef38/e6b3e95/rlst/proc-macro/src/lib.rs:12:1
     |
  12 | pub fn rlst_dynamic_array(items: TokenStream) -> TokenStream {
     | ------------------------------------------------------------ similarly named macro `rlst_dynamic_array` defined here

error: cannot find macro `rlst_dynamic_array2` in this scope
    --> src/helmholtz_3d.rs:1783:26
     |
1783 |         let mut result = rlst_dynamic_array2!(c64, [4 * nsources, ntargets]);
     |                          ^^^^^^^^^^^^^^^^^^^ help: a macro with a similar name exists: `rlst_dynamic_array`
     |
    ::: /home/kailasa/.cargo/git/checkouts/rlst-b28b4cb12e0eef38/e6b3e95/rlst/proc-macro/src/lib.rs:12:1
     |
  12 | pub fn rlst_dynamic_array(items: TokenStream) -> TokenStream {
     | ------------------------------------------------------------ similarly named macro `rlst_dynamic_array` defined here

error: cannot find macro `rlst_dynamic_array2` in this scope
    --> src/helmholtz_3d.rs:1782:27
     |
1782 |         let mut targets = rlst_dynamic_array2!(f64, [3, ntargets]);
     |                           ^^^^^^^^^^^^^^^^^^^ help: a macro with a similar name exists: `rlst_dynamic_array`
     |
    ::: /home/kailasa/.cargo/git/checkouts/rlst-b28b4cb12e0eef38/e6b3e95/rlst/proc-macro/src/lib.rs:12:1
     |
  12 | pub fn rlst_dynamic_array(items: TokenStream) -> TokenStream {
     | ------------------------------------------------------------ similarly named macro `rlst_dynamic_array` defined here

error: cannot find macro `rlst_dynamic_array2` in this scope
    --> src/helmholtz_3d.rs:1781:27
     |
1781 |         let mut sources = rlst_dynamic_array2!(f64, [3, nsources]);
     |                           ^^^^^^^^^^^^^^^^^^^ help: a macro with a similar name exists: `rlst_dynamic_array`
     |
    ::: /home/kailasa/.cargo/git/checkouts/rlst-b28b4cb12e0eef38/e6b3e95/rlst/proc-macro/src/lib.rs:12:1
     |
  12 | pub fn rlst_dynamic_array(items: TokenStream) -> TokenStream {
     | ------------------------------------------------------------ similarly named macro `rlst_dynamic_array` defined here

error: cannot find macro `rlst_dynamic_array2` in this scope
    --> src/helmholtz_3d.rs:1731:26
     |
1731 |         let mut result = rlst_dynamic_array2!(c32, [4 * nsources, ntargets]);
     |                          ^^^^^^^^^^^^^^^^^^^ help: a macro with a similar name exists: `rlst_dynamic_array`
     |
    ::: /home/kailasa/.cargo/git/checkouts/rlst-b28b4cb12e0eef38/e6b3e95/rlst/proc-macro/src/lib.rs:12:1
     |
  12 | pub fn rlst_dynamic_array(items: TokenStream) -> TokenStream {
     | ------------------------------------------------------------ similarly named macro `rlst_dynamic_array` defined here

error: cannot find macro `rlst_dynamic_array2` in this scope
    --> src/helmholtz_3d.rs:1730:27
     |
1730 |         let mut targets = rlst_dynamic_array2!(f32, [3, ntargets]);
     |                           ^^^^^^^^^^^^^^^^^^^ help: a macro with a similar name exists: `rlst_dynamic_array`
     |
    ::: /home/kailasa/.cargo/git/checkouts/rlst-b28b4cb12e0eef38/e6b3e95/rlst/proc-macro/src/lib.rs:12:1
     |
  12 | pub fn rlst_dynamic_array(items: TokenStream) -> TokenStream {
     | ------------------------------------------------------------ similarly named macro `rlst_dynamic_array` defined here

error: cannot find macro `rlst_dynamic_array2` in this scope
    --> src/helmholtz_3d.rs:1729:27
     |
1729 |         let mut sources = rlst_dynamic_array2!(f32, [3, nsources]);
     |                           ^^^^^^^^^^^^^^^^^^^ help: a macro with a similar name exists: `rlst_dynamic_array`
     |
    ::: /home/kailasa/.cargo/git/checkouts/rlst-b28b4cb12e0eef38/e6b3e95/rlst/proc-macro/src/lib.rs:12:1
     |
  12 | pub fn rlst_dynamic_array(items: TokenStream) -> TokenStream {
     | ------------------------------------------------------------ similarly named macro `rlst_dynamic_array` defined here

error: cannot find macro `rlst_dynamic_array2` in this scope
    --> src/helmholtz_3d.rs:1686:26
     |
1686 |         let mut result = rlst_dynamic_array2!(c32, [nsources, ntargets]);
     |                          ^^^^^^^^^^^^^^^^^^^ help: a macro with a similar name exists: `rlst_dynamic_array`
     |
    ::: /home/kailasa/.cargo/git/checkouts/rlst-b28b4cb12e0eef38/e6b3e95/rlst/proc-macro/src/lib.rs:12:1
     |
  12 | pub fn rlst_dynamic_array(items: TokenStream) -> TokenStream {
     | ------------------------------------------------------------ similarly named macro `rlst_dynamic_array` defined here

error: cannot find macro `rlst_dynamic_array2` in this scope
    --> src/helmholtz_3d.rs:1685:27
     |
1685 |         let mut targets = rlst_dynamic_array2!(f32, [3, ntargets]);
     |                           ^^^^^^^^^^^^^^^^^^^ help: a macro with a similar name exists: `rlst_dynamic_array`
     |
    ::: /home/kailasa/.cargo/git/checkouts/rlst-b28b4cb12e0eef38/e6b3e95/rlst/proc-macro/src/lib.rs:12:1
     |
  12 | pub fn rlst_dynamic_array(items: TokenStream) -> TokenStream {
     | ------------------------------------------------------------ similarly named macro `rlst_dynamic_array` defined here

error: cannot find macro `rlst_dynamic_array2` in this scope
    --> src/helmholtz_3d.rs:1684:27
     |
1684 |         let mut sources = rlst_dynamic_array2!(f32, [3, nsources]);
     |                           ^^^^^^^^^^^^^^^^^^^ help: a macro with a similar name exists: `rlst_dynamic_array`
     |
    ::: /home/kailasa/.cargo/git/checkouts/rlst-b28b4cb12e0eef38/e6b3e95/rlst/proc-macro/src/lib.rs:12:1
     |
  12 | pub fn rlst_dynamic_array(items: TokenStream) -> TokenStream {
     | ------------------------------------------------------------ similarly named macro `rlst_dynamic_array` defined here

error: cannot find macro `rlst_dynamic_array2` in this scope
    --> src/helmholtz_3d.rs:1641:26
     |
1641 |         let mut result = rlst_dynamic_array2!(c64, [nsources, ntargets]);
     |                          ^^^^^^^^^^^^^^^^^^^ help: a macro with a similar name exists: `rlst_dynamic_array`
     |
    ::: /home/kailasa/.cargo/git/checkouts/rlst-b28b4cb12e0eef38/e6b3e95/rlst/proc-macro/src/lib.rs:12:1
     |
  12 | pub fn rlst_dynamic_array(items: TokenStream) -> TokenStream {
     | ------------------------------------------------------------ similarly named macro `rlst_dynamic_array` defined here

error: cannot find macro `rlst_dynamic_array2` in this scope
    --> src/helmholtz_3d.rs:1640:27
     |
1640 |         let mut targets = rlst_dynamic_array2!(f64, [3, ntargets]);
     |                           ^^^^^^^^^^^^^^^^^^^ help: a macro with a similar name exists: `rlst_dynamic_array`
     |
    ::: /home/kailasa/.cargo/git/checkouts/rlst-b28b4cb12e0eef38/e6b3e95/rlst/proc-macro/src/lib.rs:12:1
     |
  12 | pub fn rlst_dynamic_array(items: TokenStream) -> TokenStream {
     | ------------------------------------------------------------ similarly named macro `rlst_dynamic_array` defined here

error: cannot find macro `rlst_dynamic_array2` in this scope
    --> src/helmholtz_3d.rs:1639:27
     |
1639 |         let mut sources = rlst_dynamic_array2!(f64, [3, nsources]);
     |                           ^^^^^^^^^^^^^^^^^^^ help: a macro with a similar name exists: `rlst_dynamic_array`
     |
    ::: /home/kailasa/.cargo/git/checkouts/rlst-b28b4cb12e0eef38/e6b3e95/rlst/proc-macro/src/lib.rs:12:1
     |
  12 | pub fn rlst_dynamic_array(items: TokenStream) -> TokenStream {
     | ------------------------------------------------------------ similarly named macro `rlst_dynamic_array` defined here

error: cannot find macro `rlst_dynamic_array2` in this scope
    --> src/helmholtz_3d.rs:1547:34
     |
1547 |         let mut expected_deriv = rlst_dynamic_array2!(c64, [4, ntargets]);
     |                                  ^^^^^^^^^^^^^^^^^^^ help: a macro with a similar name exists: `rlst_dynamic_array`
     |
    ::: /home/kailasa/.cargo/git/checkouts/rlst-b28b4cb12e0eef38/e6b3e95/rlst/proc-macro/src/lib.rs:12:1
     |
  12 | pub fn rlst_dynamic_array(items: TokenStream) -> TokenStream {
     | ------------------------------------------------------------ similarly named macro `rlst_dynamic_array` defined here

error: cannot find macro `rlst_dynamic_array1` in this scope
    --> src/helmholtz_3d.rs:1546:32
     |
1546 |         let mut expected_val = rlst_dynamic_array1!(c64, [ntargets]);
     |                                ^^^^^^^^^^^^^^^^^^^ help: a macro with a similar name exists: `rlst_dynamic_array`
     |
    ::: /home/kailasa/.cargo/git/checkouts/rlst-b28b4cb12e0eef38/e6b3e95/rlst/proc-macro/src/lib.rs:12:1
     |
  12 | pub fn rlst_dynamic_array(items: TokenStream) -> TokenStream {
     | ------------------------------------------------------------ similarly named macro `rlst_dynamic_array` defined here

error: cannot find macro `rlst_dynamic_array1` in this scope
    --> src/helmholtz_3d.rs:1532:31
     |
1532 |         let mut green_value = rlst_dynamic_array1!(c64, [ntargets]);
     |                               ^^^^^^^^^^^^^^^^^^^ help: a macro with a similar name exists: `rlst_dynamic_array`
     |
    ::: /home/kailasa/.cargo/git/checkouts/rlst-b28b4cb12e0eef38/e6b3e95/rlst/proc-macro/src/lib.rs:12:1
     |
  12 | pub fn rlst_dynamic_array(items: TokenStream) -> TokenStream {
     | ------------------------------------------------------------ similarly named macro `rlst_dynamic_array` defined here

error: cannot find macro `rlst_dynamic_array1` in this scope
    --> src/helmholtz_3d.rs:1531:27
     |
1531 |         let mut charges = rlst_dynamic_array1!(c64, [nsources]);
     |                           ^^^^^^^^^^^^^^^^^^^ help: a macro with a similar name exists: `rlst_dynamic_array`
     |
    ::: /home/kailasa/.cargo/git/checkouts/rlst-b28b4cb12e0eef38/e6b3e95/rlst/proc-macro/src/lib.rs:12:1
     |
  12 | pub fn rlst_dynamic_array(items: TokenStream) -> TokenStream {
     | ------------------------------------------------------------ similarly named macro `rlst_dynamic_array` defined here

error: cannot find macro `rlst_dynamic_array2` in this scope
    --> src/helmholtz_3d.rs:1530:27
     |
1530 |         let mut targets = rlst_dynamic_array2!(f64, [3, ntargets]);
     |                           ^^^^^^^^^^^^^^^^^^^ help: a macro with a similar name exists: `rlst_dynamic_array`
     |
    ::: /home/kailasa/.cargo/git/checkouts/rlst-b28b4cb12e0eef38/e6b3e95/rlst/proc-macro/src/lib.rs:12:1
     |
  12 | pub fn rlst_dynamic_array(items: TokenStream) -> TokenStream {
     | ------------------------------------------------------------ similarly named macro `rlst_dynamic_array` defined here

error: cannot find macro `rlst_dynamic_array2` in this scope
    --> src/helmholtz_3d.rs:1529:27
     |
1529 |         let mut sources = rlst_dynamic_array2!(f64, [3, nsources]);
     |                           ^^^^^^^^^^^^^^^^^^^ help: a macro with a similar name exists: `rlst_dynamic_array`
     |
    ::: /home/kailasa/.cargo/git/checkouts/rlst-b28b4cb12e0eef38/e6b3e95/rlst/proc-macro/src/lib.rs:12:1
     |
  12 | pub fn rlst_dynamic_array(items: TokenStream) -> TokenStream {
     | ------------------------------------------------------------ similarly named macro `rlst_dynamic_array` defined here

error: cannot find macro `rlst_dynamic_array2` in this scope
    --> src/helmholtz_3d.rs:1437:34
     |
1437 |         let mut expected_deriv = rlst_dynamic_array2!(c32, [4, ntargets]);
     |                                  ^^^^^^^^^^^^^^^^^^^ help: a macro with a similar name exists: `rlst_dynamic_array`
     |
    ::: /home/kailasa/.cargo/git/checkouts/rlst-b28b4cb12e0eef38/e6b3e95/rlst/proc-macro/src/lib.rs:12:1
     |
  12 | pub fn rlst_dynamic_array(items: TokenStream) -> TokenStream {
     | ------------------------------------------------------------ similarly named macro `rlst_dynamic_array` defined here

error: cannot find macro `rlst_dynamic_array1` in this scope
    --> src/helmholtz_3d.rs:1436:32
     |
1436 |         let mut expected_val = rlst_dynamic_array1!(c32, [ntargets]);
     |                                ^^^^^^^^^^^^^^^^^^^ help: a macro with a similar name exists: `rlst_dynamic_array`
     |
    ::: /home/kailasa/.cargo/git/checkouts/rlst-b28b4cb12e0eef38/e6b3e95/rlst/proc-macro/src/lib.rs:12:1
     |
  12 | pub fn rlst_dynamic_array(items: TokenStream) -> TokenStream {
     | ------------------------------------------------------------ similarly named macro `rlst_dynamic_array` defined here

error: cannot find macro `rlst_dynamic_array1` in this scope
    --> src/helmholtz_3d.rs:1422:31
     |
1422 |         let mut green_value = rlst_dynamic_array1!(c32, [ntargets]);
     |                               ^^^^^^^^^^^^^^^^^^^ help: a macro with a similar name exists: `rlst_dynamic_array`
     |
    ::: /home/kailasa/.cargo/git/checkouts/rlst-b28b4cb12e0eef38/e6b3e95/rlst/proc-macro/src/lib.rs:12:1
     |
  12 | pub fn rlst_dynamic_array(items: TokenStream) -> TokenStream {
     | ------------------------------------------------------------ similarly named macro `rlst_dynamic_array` defined here

error: cannot find macro `rlst_dynamic_array1` in this scope
    --> src/helmholtz_3d.rs:1421:27
     |
1421 |         let mut charges = rlst_dynamic_array1!(c32, [nsources]);
     |                           ^^^^^^^^^^^^^^^^^^^ help: a macro with a similar name exists: `rlst_dynamic_array`
     |
    ::: /home/kailasa/.cargo/git/checkouts/rlst-b28b4cb12e0eef38/e6b3e95/rlst/proc-macro/src/lib.rs:12:1
     |
  12 | pub fn rlst_dynamic_array(items: TokenStream) -> TokenStream {
     | ------------------------------------------------------------ similarly named macro `rlst_dynamic_array` defined here

error: cannot find macro `rlst_dynamic_array2` in this scope
    --> src/helmholtz_3d.rs:1420:27
     |
1420 |         let mut targets = rlst_dynamic_array2!(f32, [3, ntargets]);
     |                           ^^^^^^^^^^^^^^^^^^^ help: a macro with a similar name exists: `rlst_dynamic_array`
     |
    ::: /home/kailasa/.cargo/git/checkouts/rlst-b28b4cb12e0eef38/e6b3e95/rlst/proc-macro/src/lib.rs:12:1
     |
  12 | pub fn rlst_dynamic_array(items: TokenStream) -> TokenStream {
     | ------------------------------------------------------------ similarly named macro `rlst_dynamic_array` defined here

error: cannot find macro `rlst_dynamic_array2` in this scope
    --> src/helmholtz_3d.rs:1419:27
     |
1419 |         let mut sources = rlst_dynamic_array2!(f32, [3, nsources]);
     |                           ^^^^^^^^^^^^^^^^^^^ help: a macro with a similar name exists: `rlst_dynamic_array`
     |
    ::: /home/kailasa/.cargo/git/checkouts/rlst-b28b4cb12e0eef38/e6b3e95/rlst/proc-macro/src/lib.rs:12:1
     |
  12 | pub fn rlst_dynamic_array(items: TokenStream) -> TokenStream {
     | ------------------------------------------------------------ similarly named macro `rlst_dynamic_array` defined here

error: cannot find macro `rlst_dynamic_array2` in this scope
    --> src/modified_helmholtz_3d.rs:1399:38
     |
1399 |         let mut actual_value_deriv = rlst_dynamic_array2!($scalar, [4 * nsources, ntargets]);
     |                                      ^^^^^^^^^^^^^^^^^^^
...
1452 |     impl_modified_helmholtz_tests!(f64, 1E-8, 1E-4, 1E-11);
     |     ------------------------------------------------------ in this macro invocation
     |
     = note: this error originates in the macro `impl_modified_helmholtz_tests` (in Nightly builds, run with -Z macro-backtrace for more info)

error: cannot find macro `rlst_dynamic_array2` in this scope
    --> src/modified_helmholtz_3d.rs:1398:32
     |
1398 |         let mut actual_value = rlst_dynamic_array2!($scalar, [nsources, ntargets]);
     |                                ^^^^^^^^^^^^^^^^^^^
...
1452 |     impl_modified_helmholtz_tests!(f64, 1E-8, 1E-4, 1E-11);
     |     ------------------------------------------------------ in this macro invocation
     |
     = note: this error originates in the macro `impl_modified_helmholtz_tests` (in Nightly builds, run with -Z macro-backtrace for more info)

error: cannot find macro `rlst_dynamic_array2` in this scope
    --> src/modified_helmholtz_3d.rs:1391:27
     |
1391 |         let mut targets = rlst_dynamic_array2!($scalar, [3, ntargets]);
     |                           ^^^^^^^^^^^^^^^^^^^
...
1452 |     impl_modified_helmholtz_tests!(f64, 1E-8, 1E-4, 1E-11);
     |     ------------------------------------------------------ in this macro invocation
     |
     = note: this error originates in the macro `impl_modified_helmholtz_tests` (in Nightly builds, run with -Z macro-backtrace for more info)

error: cannot find macro `rlst_dynamic_array2` in this scope
    --> src/modified_helmholtz_3d.rs:1390:27
     |
1390 |         let mut sources = rlst_dynamic_array2!($scalar, [3, nsources]);
     |                           ^^^^^^^^^^^^^^^^^^^
...
1452 |     impl_modified_helmholtz_tests!(f64, 1E-8, 1E-4, 1E-11);
     |     ------------------------------------------------------ in this macro invocation
     |
     = note: this error originates in the macro `impl_modified_helmholtz_tests` (in Nightly builds, run with -Z macro-backtrace for more info)

error: cannot find macro `rlst_dynamic_array2` in this scope
    --> src/modified_helmholtz_3d.rs:1355:38
     |
1355 |         let mut actual_value_deriv = rlst_dynamic_array2!($scalar, [4, ntargets]);
     |                                      ^^^^^^^^^^^^^^^^^^^
...
1452 |     impl_modified_helmholtz_tests!(f64, 1E-8, 1E-4, 1E-11);
     |     ------------------------------------------------------ in this macro invocation
     |
     = note: this error originates in the macro `impl_modified_helmholtz_tests` (in Nightly builds, run with -Z macro-backtrace for more info)

error: cannot find macro `rlst_dynamic_array2` in this scope
    --> src/modified_helmholtz_3d.rs:1321:40
     |
1321 |         let mut expected_value_deriv = rlst_dynamic_array2!($scalar, [4, ntargets]);
     |                                        ^^^^^^^^^^^^^^^^^^^
...
1452 |     impl_modified_helmholtz_tests!(f64, 1E-8, 1E-4, 1E-11);
     |     ------------------------------------------------------ in this macro invocation
     |
     = note: this error originates in the macro `impl_modified_helmholtz_tests` (in Nightly builds, run with -Z macro-backtrace for more info)

error: cannot find macro `rlst_dynamic_array2` in this scope
    --> src/modified_helmholtz_3d.rs:1311:27
     |
1311 |         let mut targets = rlst_dynamic_array2!($scalar, [3, ntargets]);
     |                           ^^^^^^^^^^^^^^^^^^^
...
1452 |     impl_modified_helmholtz_tests!(f64, 1E-8, 1E-4, 1E-11);
     |     ------------------------------------------------------ in this macro invocation
     |
     = note: this error originates in the macro `impl_modified_helmholtz_tests` (in Nightly builds, run with -Z macro-backtrace for more info)

error: cannot find macro `rlst_dynamic_array2` in this scope
    --> src/modified_helmholtz_3d.rs:1310:27
     |
1310 |         let mut sources = rlst_dynamic_array2!($scalar, [3, nsources]);
     |                           ^^^^^^^^^^^^^^^^^^^
...
1452 |     impl_modified_helmholtz_tests!(f64, 1E-8, 1E-4, 1E-11);
     |     ------------------------------------------------------ in this macro invocation
     |
     = note: this error originates in the macro `impl_modified_helmholtz_tests` (in Nightly builds, run with -Z macro-backtrace for more info)

error: cannot find macro `rlst_dynamic_array2` in this scope
    --> src/modified_helmholtz_3d.rs:1253:46
     |
1253 |                 let mut result_value_deriv = rlst_dynamic_array2!($scalar, [4, npoints]);
     |                                              ^^^^^^^^^^^^^^^^^^^
...
1452 |     impl_modified_helmholtz_tests!(f64, 1E-8, 1E-4, 1E-11);
     |     ------------------------------------------------------ in this macro invocation
     |
     = note: this error originates in the macro `impl_modified_helmholtz_tests` (in Nightly builds, run with -Z macro-backtrace for more info)

error: cannot find macro `rlst_dynamic_array2` in this scope
    --> src/modified_helmholtz_3d.rs:1247:35
     |
1247 |                 let mut targets = rlst_dynamic_array2!($scalar, [3, npoints]);
     |                                   ^^^^^^^^^^^^^^^^^^^
...
1452 |     impl_modified_helmholtz_tests!(f64, 1E-8, 1E-4, 1E-11);
     |     ------------------------------------------------------ in this macro invocation
     |
     = note: this error originates in the macro `impl_modified_helmholtz_tests` (in Nightly builds, run with -Z macro-backtrace for more info)

error: cannot find macro `rlst_dynamic_array2` in this scope
    --> src/modified_helmholtz_3d.rs:1246:35
     |
1246 |                 let mut sources = rlst_dynamic_array2!($scalar, [3, npoints]);
     |                                   ^^^^^^^^^^^^^^^^^^^
...
1452 |     impl_modified_helmholtz_tests!(f64, 1E-8, 1E-4, 1E-11);
     |     ------------------------------------------------------ in this macro invocation
     |
     = note: this error originates in the macro `impl_modified_helmholtz_tests` (in Nightly builds, run with -Z macro-backtrace for more info)

error: cannot find macro `rlst_dynamic_array2` in this scope
    --> src/modified_helmholtz_3d.rs:1399:38
     |
1399 |         let mut actual_value_deriv = rlst_dynamic_array2!($scalar, [4 * nsources, ntargets]);
     |                                      ^^^^^^^^^^^^^^^^^^^
...
1451 |     impl_modified_helmholtz_tests!(f32, 1E-4, 1E-2, 1E-4);
     |     ----------------------------------------------------- in this macro invocation
     |
     = note: this error originates in the macro `impl_modified_helmholtz_tests` (in Nightly builds, run with -Z macro-backtrace for more info)

error: cannot find macro `rlst_dynamic_array2` in this scope
    --> src/modified_helmholtz_3d.rs:1398:32
     |
1398 |         let mut actual_value = rlst_dynamic_array2!($scalar, [nsources, ntargets]);
     |                                ^^^^^^^^^^^^^^^^^^^
...
1451 |     impl_modified_helmholtz_tests!(f32, 1E-4, 1E-2, 1E-4);
     |     ----------------------------------------------------- in this macro invocation
     |
     = note: this error originates in the macro `impl_modified_helmholtz_tests` (in Nightly builds, run with -Z macro-backtrace for more info)

error: cannot find macro `rlst_dynamic_array2` in this scope
    --> src/modified_helmholtz_3d.rs:1391:27
     |
1391 |         let mut targets = rlst_dynamic_array2!($scalar, [3, ntargets]);
     |                           ^^^^^^^^^^^^^^^^^^^
...
1451 |     impl_modified_helmholtz_tests!(f32, 1E-4, 1E-2, 1E-4);
     |     ----------------------------------------------------- in this macro invocation
     |
     = note: this error originates in the macro `impl_modified_helmholtz_tests` (in Nightly builds, run with -Z macro-backtrace for more info)

error: cannot find macro `rlst_dynamic_array2` in this scope
    --> src/modified_helmholtz_3d.rs:1390:27
     |
1390 |         let mut sources = rlst_dynamic_array2!($scalar, [3, nsources]);
     |                           ^^^^^^^^^^^^^^^^^^^
...
1451 |     impl_modified_helmholtz_tests!(f32, 1E-4, 1E-2, 1E-4);
     |     ----------------------------------------------------- in this macro invocation
     |
     = note: this error originates in the macro `impl_modified_helmholtz_tests` (in Nightly builds, run with -Z macro-backtrace for more info)

error: cannot find macro `rlst_dynamic_array2` in this scope
    --> src/modified_helmholtz_3d.rs:1355:38
     |
1355 |         let mut actual_value_deriv = rlst_dynamic_array2!($scalar, [4, ntargets]);
     |                                      ^^^^^^^^^^^^^^^^^^^
...
1451 |     impl_modified_helmholtz_tests!(f32, 1E-4, 1E-2, 1E-4);
     |     ----------------------------------------------------- in this macro invocation
     |
     = note: this error originates in the macro `impl_modified_helmholtz_tests` (in Nightly builds, run with -Z macro-backtrace for more info)

error: cannot find macro `rlst_dynamic_array2` in this scope
    --> src/modified_helmholtz_3d.rs:1321:40
     |
1321 |         let mut expected_value_deriv = rlst_dynamic_array2!($scalar, [4, ntargets]);
     |                                        ^^^^^^^^^^^^^^^^^^^
...
1451 |     impl_modified_helmholtz_tests!(f32, 1E-4, 1E-2, 1E-4);
     |     ----------------------------------------------------- in this macro invocation
     |
     = note: this error originates in the macro `impl_modified_helmholtz_tests` (in Nightly builds, run with -Z macro-backtrace for more info)

error: cannot find macro `rlst_dynamic_array2` in this scope
    --> src/modified_helmholtz_3d.rs:1311:27
     |
1311 |         let mut targets = rlst_dynamic_array2!($scalar, [3, ntargets]);
     |                           ^^^^^^^^^^^^^^^^^^^
...
1451 |     impl_modified_helmholtz_tests!(f32, 1E-4, 1E-2, 1E-4);
     |     ----------------------------------------------------- in this macro invocation
     |
     = note: this error originates in the macro `impl_modified_helmholtz_tests` (in Nightly builds, run with -Z macro-backtrace for more info)

error: cannot find macro `rlst_dynamic_array2` in this scope
    --> src/modified_helmholtz_3d.rs:1310:27
     |
1310 |         let mut sources = rlst_dynamic_array2!($scalar, [3, nsources]);
     |                           ^^^^^^^^^^^^^^^^^^^
...
1451 |     impl_modified_helmholtz_tests!(f32, 1E-4, 1E-2, 1E-4);
     |     ----------------------------------------------------- in this macro invocation
     |
     = note: this error originates in the macro `impl_modified_helmholtz_tests` (in Nightly builds, run with -Z macro-backtrace for more info)

error: cannot find macro `rlst_dynamic_array2` in this scope
    --> src/modified_helmholtz_3d.rs:1253:46
     |
1253 |                 let mut result_value_deriv = rlst_dynamic_array2!($scalar, [4, npoints]);
     |                                              ^^^^^^^^^^^^^^^^^^^
...
1451 |     impl_modified_helmholtz_tests!(f32, 1E-4, 1E-2, 1E-4);
     |     ----------------------------------------------------- in this macro invocation
     |
     = note: this error originates in the macro `impl_modified_helmholtz_tests` (in Nightly builds, run with -Z macro-backtrace for more info)

error: cannot find macro `rlst_dynamic_array2` in this scope
    --> src/modified_helmholtz_3d.rs:1247:35
     |
1247 |                 let mut targets = rlst_dynamic_array2!($scalar, [3, npoints]);
     |                                   ^^^^^^^^^^^^^^^^^^^
...
1451 |     impl_modified_helmholtz_tests!(f32, 1E-4, 1E-2, 1E-4);
     |     ----------------------------------------------------- in this macro invocation
     |
     = note: this error originates in the macro `impl_modified_helmholtz_tests` (in Nightly builds, run with -Z macro-backtrace for more info)

error: cannot find macro `rlst_dynamic_array2` in this scope
    --> src/modified_helmholtz_3d.rs:1246:35
     |
1246 |                 let mut sources = rlst_dynamic_array2!($scalar, [3, npoints]);
     |                                   ^^^^^^^^^^^^^^^^^^^
...
1451 |     impl_modified_helmholtz_tests!(f32, 1E-4, 1E-2, 1E-4);
     |     ----------------------------------------------------- in this macro invocation
     |
     = note: this error originates in the macro `impl_modified_helmholtz_tests` (in Nightly builds, run with -Z macro-backtrace for more info)

Some errors have detailed explanations: E0432, E0433.
For more information about an error, try `rustc --explain E0432`.
error: could not compile `green-kernels` (lib test) due to 66 previous errors
warning: build failed, waiting for other jobs to finish...
